<?xml version="1.0" encoding="UTF-8"?>
<testsuite xmlns:xsi="http://www.w3.org/2001/XMLSchema-instance" xsi:noNamespaceSchemaLocation="https://maven.apache.org/surefire/maven-surefire-plugin/xsd/surefire-test-report.xsd" version="3.0.2" name="com.carelink.CarelinkApplicationTests" time="2.313" tests="1" errors="0" skipped="0" failures="0">
  <properties>
    <property name="java.specification.version" value="24"/>
    <property name="sun.jnu.encoding" value="UTF-8"/>
    <property name="java.class.path" value="/Users/vinicius/Library/CloudStorage/OneDrive-Personal/Documents/Educação/NCI - HDSC/Project/CareLinkPlus/target/test-classes:/Users/vinicius/Library/CloudStorage/OneDrive-Personal/Documents/Educação/NCI - HDSC/Project/CareLinkPlus/target/classes:/Users/vinicius/.m2/repository/org/springframework/boot/spring-boot-starter-actuator/3.5.3/spring-boot-starter-actuator-3.5.3.jar:/Users/vinicius/.m2/repository/org/springframework/boot/spring-boot-starter/3.5.3/spring-boot-starter-3.5.3.jar:/Users/vinicius/.m2/repository/org/springframework/boot/spring-boot-starter-logging/3.5.3/spring-boot-starter-logging-3.5.3.jar:/Users/vinicius/.m2/repository/ch/qos/logback/logback-classic/1.5.18/logback-classic-1.5.18.jar:/Users/vinicius/.m2/repository/ch/qos/logback/logback-core/1.5.18/logback-core-1.5.18.jar:/Users/vinicius/.m2/repository/org/apache/logging/log4j/log4j-to-slf4j/2.24.3/log4j-to-slf4j-2.24.3.jar:/Users/vinicius/.m2/repository/org/apache/logging/log4j/log4j-api/2.24.3/log4j-api-2.24.3.jar:/Users/vinicius/.m2/repository/org/slf4j/jul-to-slf4j/2.0.17/jul-to-slf4j-2.0.17.jar:/Users/vinicius/.m2/repository/jakarta/annotation/jakarta.annotation-api/2.1.1/jakarta.annotation-api-2.1.1.jar:/Users/vinicius/.m2/repository/org/yaml/snakeyaml/2.4/snakeyaml-2.4.jar:/Users/vinicius/.m2/repository/org/springframework/boot/spring-boot-actuator-autoconfigure/3.5.3/spring-boot-actuator-autoconfigure-3.5.3.jar:/Users/vinicius/.m2/repository/org/springframework/boot/spring-boot-actuator/3.5.3/spring-boot-actuator-3.5.3.jar:/Users/vinicius/.m2/repository/com/fasterxml/jackson/core/jackson-databind/2.19.1/jackson-databind-2.19.1.jar:/Users/vinicius/.m2/repository/com/fasterxml/jackson/core/jackson-annotations/2.19.1/jackson-annotations-2.19.1.jar:/Users/vinicius/.m2/repository/com/fasterxml/jackson/core/jackson-core/2.19.1/jackson-core-2.19.1.jar:/Users/vinicius/.m2/repository/com/fasterxml/jackson/datatype/jackson-datatype-jsr310/2.19.1/jackson-datatype-jsr310-2.19.1.jar:/Users/vinicius/.m2/repository/io/micrometer/micrometer-observation/1.15.1/micrometer-observation-1.15.1.jar:/Users/vinicius/.m2/repository/io/micrometer/micrometer-commons/1.15.1/micrometer-commons-1.15.1.jar:/Users/vinicius/.m2/repository/io/micrometer/micrometer-jakarta9/1.15.1/micrometer-jakarta9-1.15.1.jar:/Users/vinicius/.m2/repository/io/micrometer/micrometer-core/1.15.1/micrometer-core-1.15.1.jar:/Users/vinicius/.m2/repository/org/hdrhistogram/HdrHistogram/2.2.2/HdrHistogram-2.2.2.jar:/Users/vinicius/.m2/repository/org/latencyutils/LatencyUtils/2.0.3/LatencyUtils-2.0.3.jar:/Users/vinicius/.m2/repository/org/springframework/boot/spring-boot-starter-data-jpa/3.5.3/spring-boot-starter-data-jpa-3.5.3.jar:/Users/vinicius/.m2/repository/org/springframework/boot/spring-boot-starter-jdbc/3.5.3/spring-boot-starter-jdbc-3.5.3.jar:/Users/vinicius/.m2/repository/com/zaxxer/HikariCP/6.3.0/HikariCP-6.3.0.jar:/Users/vinicius/.m2/repository/org/springframework/spring-jdbc/6.2.8/spring-jdbc-6.2.8.jar:/Users/vinicius/.m2/repository/org/hibernate/orm/hibernate-core/6.6.18.Final/hibernate-core-6.6.18.Final.jar:/Users/vinicius/.m2/repository/jakarta/persistence/jakarta.persistence-api/3.1.0/jakarta.persistence-api-3.1.0.jar:/Users/vinicius/.m2/repository/jakarta/transaction/jakarta.transaction-api/2.0.1/jakarta.transaction-api-2.0.1.jar:/Users/vinicius/.m2/repository/org/jboss/logging/jboss-logging/3.6.1.Final/jboss-logging-3.6.1.Final.jar:/Users/vinicius/.m2/repository/org/hibernate/common/hibernate-commons-annotations/7.0.3.Final/hibernate-commons-annotations-7.0.3.Final.jar:/Users/vinicius/.m2/repository/io/smallrye/jandex/3.2.0/jandex-3.2.0.jar:/Users/vinicius/.m2/repository/com/fasterxml/classmate/1.7.0/classmate-1.7.0.jar:/Users/vinicius/.m2/repository/net/bytebuddy/byte-buddy/1.17.6/byte-buddy-1.17.6.jar:/Users/vinicius/.m2/repository/org/glassfish/jaxb/jaxb-runtime/4.0.5/jaxb-runtime-4.0.5.jar:/Users/vinicius/.m2/repository/org/glassfish/jaxb/jaxb-core/4.0.5/jaxb-core-4.0.5.jar:/Users/vinicius/.m2/repository/org/eclipse/angus/angus-activation/2.0.2/angus-activation-2.0.2.jar:/Users/vinicius/.m2/repository/org/glassfish/jaxb/txw2/4.0.5/txw2-4.0.5.jar:/Users/vinicius/.m2/repository/com/sun/istack/istack-commons-runtime/4.1.2/istack-commons-runtime-4.1.2.jar:/Users/vinicius/.m2/repository/jakarta/inject/jakarta.inject-api/2.0.1/jakarta.inject-api-2.0.1.jar:/Users/vinicius/.m2/repository/org/antlr/antlr4-runtime/4.13.0/antlr4-runtime-4.13.0.jar:/Users/vinicius/.m2/repository/org/springframework/data/spring-data-jpa/3.5.1/spring-data-jpa-3.5.1.jar:/Users/vinicius/.m2/repository/org/springframework/data/spring-data-commons/3.5.1/spring-data-commons-3.5.1.jar:/Users/vinicius/.m2/repository/org/springframework/spring-orm/6.2.8/spring-orm-6.2.8.jar:/Users/vinicius/.m2/repository/org/springframework/spring-context/6.2.8/spring-context-6.2.8.jar:/Users/vinicius/.m2/repository/org/springframework/spring-tx/6.2.8/spring-tx-6.2.8.jar:/Users/vinicius/.m2/repository/org/springframework/spring-beans/6.2.8/spring-beans-6.2.8.jar:/Users/vinicius/.m2/repository/org/slf4j/slf4j-api/2.0.17/slf4j-api-2.0.17.jar:/Users/vinicius/.m2/repository/org/springframework/spring-aspects/6.2.8/spring-aspects-6.2.8.jar:/Users/vinicius/.m2/repository/org/aspectj/aspectjweaver/1.9.24/aspectjweaver-1.9.24.jar:/Users/vinicius/.m2/repository/org/springframework/boot/spring-boot-starter-security/3.5.3/spring-boot-starter-security-3.5.3.jar:/Users/vinicius/.m2/repository/org/springframework/spring-aop/6.2.8/spring-aop-6.2.8.jar:/Users/vinicius/.m2/repository/org/springframework/security/spring-security-config/6.5.1/spring-security-config-6.5.1.jar:/Users/vinicius/.m2/repository/org/springframework/security/spring-security-web/6.5.1/spring-security-web-6.5.1.jar:/Users/vinicius/.m2/repository/org/springframework/spring-expression/6.2.8/spring-expression-6.2.8.jar:/Users/vinicius/.m2/repository/org/springframework/boot/spring-boot-starter-validation/3.5.3/spring-boot-starter-validation-3.5.3.jar:/Users/vinicius/.m2/repository/org/apache/tomcat/embed/tomcat-embed-el/10.1.42/tomcat-embed-el-10.1.42.jar:/Users/vinicius/.m2/repository/org/hibernate/validator/hibernate-validator/8.0.2.Final/hibernate-validator-8.0.2.Final.jar:/Users/vinicius/.m2/repository/jakarta/validation/jakarta.validation-api/3.0.2/jakarta.validation-api-3.0.2.jar:/Users/vinicius/.m2/repository/org/springframework/boot/spring-boot-starter-web/3.5.3/spring-boot-starter-web-3.5.3.jar:/Users/vinicius/.m2/repository/org/springframework/boot/spring-boot-starter-json/3.5.3/spring-boot-starter-json-3.5.3.jar:/Users/vinicius/.m2/repository/com/fasterxml/jackson/datatype/jackson-datatype-jdk8/2.19.1/jackson-datatype-jdk8-2.19.1.jar:/Users/vinicius/.m2/repository/com/fasterxml/jackson/module/jackson-module-parameter-names/2.19.1/jackson-module-parameter-names-2.19.1.jar:/Users/vinicius/.m2/repository/org/springframework/boot/spring-boot-starter-tomcat/3.5.3/spring-boot-starter-tomcat-3.5.3.jar:/Users/vinicius/.m2/repository/org/apache/tomcat/embed/tomcat-embed-core/10.1.42/tomcat-embed-core-10.1.42.jar:/Users/vinicius/.m2/repository/org/apache/tomcat/embed/tomcat-embed-websocket/10.1.42/tomcat-embed-websocket-10.1.42.jar:/Users/vinicius/.m2/repository/org/springframework/spring-web/6.2.8/spring-web-6.2.8.jar:/Users/vinicius/.m2/repository/org/springframework/spring-webmvc/6.2.8/spring-webmvc-6.2.8.jar:/Users/vinicius/.m2/repository/io/grpc/grpc-services/1.72.0/grpc-services-1.72.0.jar:/Users/vinicius/.m2/repository/io/grpc/grpc-stub/1.72.0/grpc-stub-1.72.0.jar:/Users/vinicius/.m2/repository/io/grpc/grpc-api/1.72.0/grpc-api-1.72.0.jar:/Users/vinicius/.m2/repository/org/codehaus/mojo/animal-sniffer-annotations/1.24/animal-sniffer-annotations-1.24.jar:/Users/vinicius/.m2/repository/io/grpc/grpc-core/1.72.0/grpc-core-1.72.0.jar:/Users/vinicius/.m2/repository/com/google/android/annotations/4.1.1.4/annotations-4.1.1.4.jar:/Users/vinicius/.m2/repository/io/perfmark/perfmark-api/0.27.0/perfmark-api-0.27.0.jar:/Users/vinicius/.m2/repository/io/grpc/grpc-context/1.72.0/grpc-context-1.72.0.jar:/Users/vinicius/.m2/repository/io/grpc/grpc-protobuf/1.72.0/grpc-protobuf-1.72.0.jar:/Users/vinicius/.m2/repository/com/google/code/findbugs/jsr305/3.0.2/jsr305-3.0.2.jar:/Users/vinicius/.m2/repository/com/google/protobuf/protobuf-java/4.30.2/protobuf-java-4.30.2.jar:/Users/vinicius/.m2/repository/com/google/api/grpc/proto-google-common-protos/2.54.1/proto-google-common-protos-2.54.1.jar:/Users/vinicius/.m2/repository/io/grpc/grpc-protobuf-lite/1.72.0/grpc-protobuf-lite-1.72.0.jar:/Users/vinicius/.m2/repository/io/grpc/grpc-util/1.72.0/grpc-util-1.72.0.jar:/Users/vinicius/.m2/repository/com/google/guava/guava/33.3.1-jre/guava-33.3.1-jre.jar:/Users/vinicius/.m2/repository/com/google/guava/failureaccess/1.0.2/failureaccess-1.0.2.jar:/Users/vinicius/.m2/repository/com/google/guava/listenablefuture/9999.0-empty-to-avoid-conflict-with-guava/listenablefuture-9999.0-empty-to-avoid-conflict-with-guava.jar:/Users/vinicius/.m2/repository/org/checkerframework/checker-qual/3.43.0/checker-qual-3.43.0.jar:/Users/vinicius/.m2/repository/com/google/j2objc/j2objc-annotations/3.0.0/j2objc-annotations-3.0.0.jar:/Users/vinicius/.m2/repository/com/google/protobuf/protobuf-java-util/4.30.2/protobuf-java-util-4.30.2.jar:/Users/vinicius/.m2/repository/com/google/errorprone/error_prone_annotations/2.30.0/error_prone_annotations-2.30.0.jar:/Users/vinicius/.m2/repository/com/google/code/gson/gson/2.13.1/gson-2.13.1.jar:/Users/vinicius/.m2/repository/org/springframework/grpc/spring-grpc-server-web-spring-boot-starter/0.8.0/spring-grpc-server-web-spring-boot-starter-0.8.0.jar:/Users/vinicius/.m2/repository/org/springframework/grpc/spring-grpc-spring-boot-starter/0.8.0/spring-grpc-spring-boot-starter-0.8.0.jar:/Users/vinicius/.m2/repository/org/springframework/grpc/spring-grpc-client-spring-boot-starter/0.8.0/spring-grpc-client-spring-boot-starter-0.8.0.jar:/Users/vinicius/.m2/repository/io/grpc/grpc-netty/1.72.0/grpc-netty-1.72.0.jar:/Users/vinicius/.m2/repository/io/netty/netty-codec-http2/4.1.122.Final/netty-codec-http2-4.1.122.Final.jar:/Users/vinicius/.m2/repository/io/netty/netty-common/4.1.122.Final/netty-common-4.1.122.Final.jar:/Users/vinicius/.m2/repository/io/netty/netty-buffer/4.1.122.Final/netty-buffer-4.1.122.Final.jar:/Users/vinicius/.m2/repository/io/netty/netty-transport/4.1.122.Final/netty-transport-4.1.122.Final.jar:/Users/vinicius/.m2/repository/io/netty/netty-resolver/4.1.122.Final/netty-resolver-4.1.122.Final.jar:/Users/vinicius/.m2/repository/io/netty/netty-codec/4.1.122.Final/netty-codec-4.1.122.Final.jar:/Users/vinicius/.m2/repository/io/netty/netty-handler/4.1.122.Final/netty-handler-4.1.122.Final.jar:/Users/vinicius/.m2/repository/io/netty/netty-codec-http/4.1.122.Final/netty-codec-http-4.1.122.Final.jar:/Users/vinicius/.m2/repository/io/netty/netty-handler-proxy/4.1.122.Final/netty-handler-proxy-4.1.122.Final.jar:/Users/vinicius/.m2/repository/io/netty/netty-codec-socks/4.1.122.Final/netty-codec-socks-4.1.122.Final.jar:/Users/vinicius/.m2/repository/io/netty/netty-transport-native-unix-common/4.1.122.Final/netty-transport-native-unix-common-4.1.122.Final.jar:/Users/vinicius/.m2/repository/org/springframework/grpc/spring-grpc-server-spring-boot-starter/0.8.0/spring-grpc-server-spring-boot-starter-0.8.0.jar:/Users/vinicius/.m2/repository/io/grpc/grpc-servlet-jakarta/1.72.0/grpc-servlet-jakarta-1.72.0.jar:/Users/vinicius/.m2/repository/org/springframework/boot/spring-boot-devtools/3.5.3/spring-boot-devtools-3.5.3.jar:/Users/vinicius/.m2/repository/org/springframework/boot/spring-boot/3.5.3/spring-boot-3.5.3.jar:/Users/vinicius/.m2/repository/org/springframework/boot/spring-boot-autoconfigure/3.5.3/spring-boot-autoconfigure-3.5.3.jar:/Users/vinicius/.m2/repository/com/mysql/mysql-connector-j/9.2.0/mysql-connector-j-9.2.0.jar:/Users/vinicius/.m2/repository/org/projectlombok/lombok/1.18.38/lombok-1.18.38.jar:/Users/vinicius/.m2/repository/org/springframework/boot/spring-boot-starter-test/3.5.3/spring-boot-starter-test-3.5.3.jar:/Users/vinicius/.m2/repository/org/springframework/boot/spring-boot-test/3.5.3/spring-boot-test-3.5.3.jar:/Users/vinicius/.m2/repository/org/springframework/boot/spring-boot-test-autoconfigure/3.5.3/spring-boot-test-autoconfigure-3.5.3.jar:/Users/vinicius/.m2/repository/com/jayway/jsonpath/json-path/2.9.0/json-path-2.9.0.jar:/Users/vinicius/.m2/repository/jakarta/xml/bind/jakarta.xml.bind-api/4.0.2/jakarta.xml.bind-api-4.0.2.jar:/Users/vinicius/.m2/repository/jakarta/activation/jakarta.activation-api/2.1.3/jakarta.activation-api-2.1.3.jar:/Users/vinicius/.m2/repository/net/minidev/json-smart/2.5.2/json-smart-2.5.2.jar:/Users/vinicius/.m2/repository/net/minidev/accessors-smart/2.5.2/accessors-smart-2.5.2.jar:/Users/vinicius/.m2/repository/org/ow2/asm/asm/9.7.1/asm-9.7.1.jar:/Users/vinicius/.m2/repository/org/assertj/assertj-core/3.27.3/assertj-core-3.27.3.jar:/Users/vinicius/.m2/repository/org/awaitility/awaitility/4.2.2/awaitility-4.2.2.jar:/Users/vinicius/.m2/repository/org/hamcrest/hamcrest/3.0/hamcrest-3.0.jar:/Users/vinicius/.m2/repository/org/junit/jupiter/junit-jupiter/5.12.2/junit-jupiter-5.12.2.jar:/Users/vinicius/.m2/repository/org/junit/jupiter/junit-jupiter-api/5.12.2/junit-jupiter-api-5.12.2.jar:/Users/vinicius/.m2/repository/org/opentest4j/opentest4j/1.3.0/opentest4j-1.3.0.jar:/Users/vinicius/.m2/repository/org/junit/platform/junit-platform-commons/1.12.2/junit-platform-commons-1.12.2.jar:/Users/vinicius/.m2/repository/org/apiguardian/apiguardian-api/1.1.2/apiguardian-api-1.1.2.jar:/Users/vinicius/.m2/repository/org/junit/jupiter/junit-jupiter-params/5.12.2/junit-jupiter-params-5.12.2.jar:/Users/vinicius/.m2/repository/org/junit/jupiter/junit-jupiter-engine/5.12.2/junit-jupiter-engine-5.12.2.jar:/Users/vinicius/.m2/repository/org/junit/platform/junit-platform-engine/1.12.2/junit-platform-engine-1.12.2.jar:/Users/vinicius/.m2/repository/org/mockito/mockito-core/5.17.0/mockito-core-5.17.0.jar:/Users/vinicius/.m2/repository/net/bytebuddy/byte-buddy-agent/1.17.6/byte-buddy-agent-1.17.6.jar:/Users/vinicius/.m2/repository/org/objenesis/objenesis/3.3/objenesis-3.3.jar:/Users/vinicius/.m2/repository/org/mockito/mockito-junit-jupiter/5.17.0/mockito-junit-jupiter-5.17.0.jar:/Users/vinicius/.m2/repository/org/skyscreamer/jsonassert/1.5.3/jsonassert-1.5.3.jar:/Users/vinicius/.m2/repository/com/vaadin/external/google/android-json/0.0.20131108.vaadin1/android-json-0.0.20131108.vaadin1.jar:/Users/vinicius/.m2/repository/org/springframework/spring-core/6.2.8/spring-core-6.2.8.jar:/Users/vinicius/.m2/repository/org/springframework/spring-jcl/6.2.8/spring-jcl-6.2.8.jar:/Users/vinicius/.m2/repository/org/springframework/spring-test/6.2.8/spring-test-6.2.8.jar:/Users/vinicius/.m2/repository/org/xmlunit/xmlunit-core/2.10.2/xmlunit-core-2.10.2.jar:/Users/vinicius/.m2/repository/org/springframework/grpc/spring-grpc-test/0.8.0/spring-grpc-test-0.8.0.jar:/Users/vinicius/.m2/repository/org/springframework/grpc/spring-grpc-core/0.8.0/spring-grpc-core-0.8.0.jar:/Users/vinicius/.m2/repository/org/springframework/grpc/spring-grpc-spring-boot-autoconfigure/0.8.0/spring-grpc-spring-boot-autoconfigure-0.8.0.jar:/Users/vinicius/.m2/repository/io/grpc/grpc-testing/1.72.0/grpc-testing-1.72.0.jar:/Users/vinicius/.m2/repository/junit/junit/4.13.2/junit-4.13.2.jar:/Users/vinicius/.m2/repository/org/hamcrest/hamcrest-core/3.0/hamcrest-core-3.0.jar:/Users/vinicius/.m2/repository/io/grpc/grpc-inprocess/1.72.0/grpc-inprocess-1.72.0.jar:/Users/vinicius/.m2/repository/org/springframework/security/spring-security-test/6.5.1/spring-security-test-6.5.1.jar:/Users/vinicius/.m2/repository/org/springframework/security/spring-security-core/6.5.1/spring-security-core-6.5.1.jar:/Users/vinicius/.m2/repository/org/springframework/security/spring-security-crypto/6.5.1/spring-security-crypto-6.5.1.jar:"/>
    <property name="java.vm.vendor" value="Homebrew"/>
    <property name="sun.arch.data.model" value="64"/>
    <property name="java.vendor.url" value="https://github.com/Homebrew/homebrew-core/issues"/>
    <property name="user.timezone" value="Europe/Dublin"/>
    <property name="org.jboss.logging.provider" value="slf4j"/>
    <property name="os.name" value="Mac OS X"/>
    <property name="java.vm.specification.version" value="24"/>
    <property name="sun.java.launcher" value="SUN_STANDARD"/>
    <property name="user.country" value="IE"/>
    <property name="sun.boot.library.path" value="/opt/homebrew/Cellar/openjdk/24.0.1/libexec/openjdk.jdk/Contents/Home/lib"/>
    <property name="sun.java.command" value="/Users/vinicius/Library/CloudStorage/OneDrive-Personal/Documents/Educação/NCI - HDSC/Project/CareLinkPlus/target/surefire/surefirebooter-20250624161138891_3.jar /Users/vinicius/Library/CloudStorage/OneDrive-Personal/Documents/Educação/NCI - HDSC/Project/CareLinkPlus/target/surefire 2025-06-24T16-11-38_763-jvmRun1 surefire-20250624161138891_1tmp surefire_0-20250624161138891_2tmp"/>
    <property name="jdk.debug" value="release"/>
    <property name="surefire.test.class.path" value="/Users/vinicius/Library/CloudStorage/OneDrive-Personal/Documents/Educação/NCI - HDSC/Project/CareLinkPlus/target/test-classes:/Users/vinicius/Library/CloudStorage/OneDrive-Personal/Documents/Educação/NCI - HDSC/Project/CareLinkPlus/target/classes:/Users/vinicius/.m2/repository/org/springframework/boot/spring-boot-starter-actuator/3.5.3/spring-boot-starter-actuator-3.5.3.jar:/Users/vinicius/.m2/repository/org/springframework/boot/spring-boot-starter/3.5.3/spring-boot-starter-3.5.3.jar:/Users/vinicius/.m2/repository/org/springframework/boot/spring-boot-starter-logging/3.5.3/spring-boot-starter-logging-3.5.3.jar:/Users/vinicius/.m2/repository/ch/qos/logback/logback-classic/1.5.18/logback-classic-1.5.18.jar:/Users/vinicius/.m2/repository/ch/qos/logback/logback-core/1.5.18/logback-core-1.5.18.jar:/Users/vinicius/.m2/repository/org/apache/logging/log4j/log4j-to-slf4j/2.24.3/log4j-to-slf4j-2.24.3.jar:/Users/vinicius/.m2/repository/org/apache/logging/log4j/log4j-api/2.24.3/log4j-api-2.24.3.jar:/Users/vinicius/.m2/repository/org/slf4j/jul-to-slf4j/2.0.17/jul-to-slf4j-2.0.17.jar:/Users/vinicius/.m2/repository/jakarta/annotation/jakarta.annotation-api/2.1.1/jakarta.annotation-api-2.1.1.jar:/Users/vinicius/.m2/repository/org/yaml/snakeyaml/2.4/snakeyaml-2.4.jar:/Users/vinicius/.m2/repository/org/springframework/boot/spring-boot-actuator-autoconfigure/3.5.3/spring-boot-actuator-autoconfigure-3.5.3.jar:/Users/vinicius/.m2/repository/org/springframework/boot/spring-boot-actuator/3.5.3/spring-boot-actuator-3.5.3.jar:/Users/vinicius/.m2/repository/com/fasterxml/jackson/core/jackson-databind/2.19.1/jackson-databind-2.19.1.jar:/Users/vinicius/.m2/repository/com/fasterxml/jackson/core/jackson-annotations/2.19.1/jackson-annotations-2.19.1.jar:/Users/vinicius/.m2/repository/com/fasterxml/jackson/core/jackson-core/2.19.1/jackson-core-2.19.1.jar:/Users/vinicius/.m2/repository/com/fasterxml/jackson/datatype/jackson-datatype-jsr310/2.19.1/jackson-datatype-jsr310-2.19.1.jar:/Users/vinicius/.m2/repository/io/micrometer/micrometer-observation/1.15.1/micrometer-observation-1.15.1.jar:/Users/vinicius/.m2/repository/io/micrometer/micrometer-commons/1.15.1/micrometer-commons-1.15.1.jar:/Users/vinicius/.m2/repository/io/micrometer/micrometer-jakarta9/1.15.1/micrometer-jakarta9-1.15.1.jar:/Users/vinicius/.m2/repository/io/micrometer/micrometer-core/1.15.1/micrometer-core-1.15.1.jar:/Users/vinicius/.m2/repository/org/hdrhistogram/HdrHistogram/2.2.2/HdrHistogram-2.2.2.jar:/Users/vinicius/.m2/repository/org/latencyutils/LatencyUtils/2.0.3/LatencyUtils-2.0.3.jar:/Users/vinicius/.m2/repository/org/springframework/boot/spring-boot-starter-data-jpa/3.5.3/spring-boot-starter-data-jpa-3.5.3.jar:/Users/vinicius/.m2/repository/org/springframework/boot/spring-boot-starter-jdbc/3.5.3/spring-boot-starter-jdbc-3.5.3.jar:/Users/vinicius/.m2/repository/com/zaxxer/HikariCP/6.3.0/HikariCP-6.3.0.jar:/Users/vinicius/.m2/repository/org/springframework/spring-jdbc/6.2.8/spring-jdbc-6.2.8.jar:/Users/vinicius/.m2/repository/org/hibernate/orm/hibernate-core/6.6.18.Final/hibernate-core-6.6.18.Final.jar:/Users/vinicius/.m2/repository/jakarta/persistence/jakarta.persistence-api/3.1.0/jakarta.persistence-api-3.1.0.jar:/Users/vinicius/.m2/repository/jakarta/transaction/jakarta.transaction-api/2.0.1/jakarta.transaction-api-2.0.1.jar:/Users/vinicius/.m2/repository/org/jboss/logging/jboss-logging/3.6.1.Final/jboss-logging-3.6.1.Final.jar:/Users/vinicius/.m2/repository/org/hibernate/common/hibernate-commons-annotations/7.0.3.Final/hibernate-commons-annotations-7.0.3.Final.jar:/Users/vinicius/.m2/repository/io/smallrye/jandex/3.2.0/jandex-3.2.0.jar:/Users/vinicius/.m2/repository/com/fasterxml/classmate/1.7.0/classmate-1.7.0.jar:/Users/vinicius/.m2/repository/net/bytebuddy/byte-buddy/1.17.6/byte-buddy-1.17.6.jar:/Users/vinicius/.m2/repository/org/glassfish/jaxb/jaxb-runtime/4.0.5/jaxb-runtime-4.0.5.jar:/Users/vinicius/.m2/repository/org/glassfish/jaxb/jaxb-core/4.0.5/jaxb-core-4.0.5.jar:/Users/vinicius/.m2/repository/org/eclipse/angus/angus-activation/2.0.2/angus-activation-2.0.2.jar:/Users/vinicius/.m2/repository/org/glassfish/jaxb/txw2/4.0.5/txw2-4.0.5.jar:/Users/vinicius/.m2/repository/com/sun/istack/istack-commons-runtime/4.1.2/istack-commons-runtime-4.1.2.jar:/Users/vinicius/.m2/repository/jakarta/inject/jakarta.inject-api/2.0.1/jakarta.inject-api-2.0.1.jar:/Users/vinicius/.m2/repository/org/antlr/antlr4-runtime/4.13.0/antlr4-runtime-4.13.0.jar:/Users/vinicius/.m2/repository/org/springframework/data/spring-data-jpa/3.5.1/spring-data-jpa-3.5.1.jar:/Users/vinicius/.m2/repository/org/springframework/data/spring-data-commons/3.5.1/spring-data-commons-3.5.1.jar:/Users/vinicius/.m2/repository/org/springframework/spring-orm/6.2.8/spring-orm-6.2.8.jar:/Users/vinicius/.m2/repository/org/springframework/spring-context/6.2.8/spring-context-6.2.8.jar:/Users/vinicius/.m2/repository/org/springframework/spring-tx/6.2.8/spring-tx-6.2.8.jar:/Users/vinicius/.m2/repository/org/springframework/spring-beans/6.2.8/spring-beans-6.2.8.jar:/Users/vinicius/.m2/repository/org/slf4j/slf4j-api/2.0.17/slf4j-api-2.0.17.jar:/Users/vinicius/.m2/repository/org/springframework/spring-aspects/6.2.8/spring-aspects-6.2.8.jar:/Users/vinicius/.m2/repository/org/aspectj/aspectjweaver/1.9.24/aspectjweaver-1.9.24.jar:/Users/vinicius/.m2/repository/org/springframework/boot/spring-boot-starter-security/3.5.3/spring-boot-starter-security-3.5.3.jar:/Users/vinicius/.m2/repository/org/springframework/spring-aop/6.2.8/spring-aop-6.2.8.jar:/Users/vinicius/.m2/repository/org/springframework/security/spring-security-config/6.5.1/spring-security-config-6.5.1.jar:/Users/vinicius/.m2/repository/org/springframework/security/spring-security-web/6.5.1/spring-security-web-6.5.1.jar:/Users/vinicius/.m2/repository/org/springframework/spring-expression/6.2.8/spring-expression-6.2.8.jar:/Users/vinicius/.m2/repository/org/springframework/boot/spring-boot-starter-validation/3.5.3/spring-boot-starter-validation-3.5.3.jar:/Users/vinicius/.m2/repository/org/apache/tomcat/embed/tomcat-embed-el/10.1.42/tomcat-embed-el-10.1.42.jar:/Users/vinicius/.m2/repository/org/hibernate/validator/hibernate-validator/8.0.2.Final/hibernate-validator-8.0.2.Final.jar:/Users/vinicius/.m2/repository/jakarta/validation/jakarta.validation-api/3.0.2/jakarta.validation-api-3.0.2.jar:/Users/vinicius/.m2/repository/org/springframework/boot/spring-boot-starter-web/3.5.3/spring-boot-starter-web-3.5.3.jar:/Users/vinicius/.m2/repository/org/springframework/boot/spring-boot-starter-json/3.5.3/spring-boot-starter-json-3.5.3.jar:/Users/vinicius/.m2/repository/com/fasterxml/jackson/datatype/jackson-datatype-jdk8/2.19.1/jackson-datatype-jdk8-2.19.1.jar:/Users/vinicius/.m2/repository/com/fasterxml/jackson/module/jackson-module-parameter-names/2.19.1/jackson-module-parameter-names-2.19.1.jar:/Users/vinicius/.m2/repository/org/springframework/boot/spring-boot-starter-tomcat/3.5.3/spring-boot-starter-tomcat-3.5.3.jar:/Users/vinicius/.m2/repository/org/apache/tomcat/embed/tomcat-embed-core/10.1.42/tomcat-embed-core-10.1.42.jar:/Users/vinicius/.m2/repository/org/apache/tomcat/embed/tomcat-embed-websocket/10.1.42/tomcat-embed-websocket-10.1.42.jar:/Users/vinicius/.m2/repository/org/springframework/spring-web/6.2.8/spring-web-6.2.8.jar:/Users/vinicius/.m2/repository/org/springframework/spring-webmvc/6.2.8/spring-webmvc-6.2.8.jar:/Users/vinicius/.m2/repository/io/grpc/grpc-services/1.72.0/grpc-services-1.72.0.jar:/Users/vinicius/.m2/repository/io/grpc/grpc-stub/1.72.0/grpc-stub-1.72.0.jar:/Users/vinicius/.m2/repository/io/grpc/grpc-api/1.72.0/grpc-api-1.72.0.jar:/Users/vinicius/.m2/repository/org/codehaus/mojo/animal-sniffer-annotations/1.24/animal-sniffer-annotations-1.24.jar:/Users/vinicius/.m2/repository/io/grpc/grpc-core/1.72.0/grpc-core-1.72.0.jar:/Users/vinicius/.m2/repository/com/google/android/annotations/4.1.1.4/annotations-4.1.1.4.jar:/Users/vinicius/.m2/repository/io/perfmark/perfmark-api/0.27.0/perfmark-api-0.27.0.jar:/Users/vinicius/.m2/repository/io/grpc/grpc-context/1.72.0/grpc-context-1.72.0.jar:/Users/vinicius/.m2/repository/io/grpc/grpc-protobuf/1.72.0/grpc-protobuf-1.72.0.jar:/Users/vinicius/.m2/repository/com/google/code/findbugs/jsr305/3.0.2/jsr305-3.0.2.jar:/Users/vinicius/.m2/repository/com/google/protobuf/protobuf-java/4.30.2/protobuf-java-4.30.2.jar:/Users/vinicius/.m2/repository/com/google/api/grpc/proto-google-common-protos/2.54.1/proto-google-common-protos-2.54.1.jar:/Users/vinicius/.m2/repository/io/grpc/grpc-protobuf-lite/1.72.0/grpc-protobuf-lite-1.72.0.jar:/Users/vinicius/.m2/repository/io/grpc/grpc-util/1.72.0/grpc-util-1.72.0.jar:/Users/vinicius/.m2/repository/com/google/guava/guava/33.3.1-jre/guava-33.3.1-jre.jar:/Users/vinicius/.m2/repository/com/google/guava/failureaccess/1.0.2/failureaccess-1.0.2.jar:/Users/vinicius/.m2/repository/com/google/guava/listenablefuture/9999.0-empty-to-avoid-conflict-with-guava/listenablefuture-9999.0-empty-to-avoid-conflict-with-guava.jar:/Users/vinicius/.m2/repository/org/checkerframework/checker-qual/3.43.0/checker-qual-3.43.0.jar:/Users/vinicius/.m2/repository/com/google/j2objc/j2objc-annotations/3.0.0/j2objc-annotations-3.0.0.jar:/Users/vinicius/.m2/repository/com/google/protobuf/protobuf-java-util/4.30.2/protobuf-java-util-4.30.2.jar:/Users/vinicius/.m2/repository/com/google/errorprone/error_prone_annotations/2.30.0/error_prone_annotations-2.30.0.jar:/Users/vinicius/.m2/repository/com/google/code/gson/gson/2.13.1/gson-2.13.1.jar:/Users/vinicius/.m2/repository/org/springframework/grpc/spring-grpc-server-web-spring-boot-starter/0.8.0/spring-grpc-server-web-spring-boot-starter-0.8.0.jar:/Users/vinicius/.m2/repository/org/springframework/grpc/spring-grpc-spring-boot-starter/0.8.0/spring-grpc-spring-boot-starter-0.8.0.jar:/Users/vinicius/.m2/repository/org/springframework/grpc/spring-grpc-client-spring-boot-starter/0.8.0/spring-grpc-client-spring-boot-starter-0.8.0.jar:/Users/vinicius/.m2/repository/io/grpc/grpc-netty/1.72.0/grpc-netty-1.72.0.jar:/Users/vinicius/.m2/repository/io/netty/netty-codec-http2/4.1.122.Final/netty-codec-http2-4.1.122.Final.jar:/Users/vinicius/.m2/repository/io/netty/netty-common/4.1.122.Final/netty-common-4.1.122.Final.jar:/Users/vinicius/.m2/repository/io/netty/netty-buffer/4.1.122.Final/netty-buffer-4.1.122.Final.jar:/Users/vinicius/.m2/repository/io/netty/netty-transport/4.1.122.Final/netty-transport-4.1.122.Final.jar:/Users/vinicius/.m2/repository/io/netty/netty-resolver/4.1.122.Final/netty-resolver-4.1.122.Final.jar:/Users/vinicius/.m2/repository/io/netty/netty-codec/4.1.122.Final/netty-codec-4.1.122.Final.jar:/Users/vinicius/.m2/repository/io/netty/netty-handler/4.1.122.Final/netty-handler-4.1.122.Final.jar:/Users/vinicius/.m2/repository/io/netty/netty-codec-http/4.1.122.Final/netty-codec-http-4.1.122.Final.jar:/Users/vinicius/.m2/repository/io/netty/netty-handler-proxy/4.1.122.Final/netty-handler-proxy-4.1.122.Final.jar:/Users/vinicius/.m2/repository/io/netty/netty-codec-socks/4.1.122.Final/netty-codec-socks-4.1.122.Final.jar:/Users/vinicius/.m2/repository/io/netty/netty-transport-native-unix-common/4.1.122.Final/netty-transport-native-unix-common-4.1.122.Final.jar:/Users/vinicius/.m2/repository/org/springframework/grpc/spring-grpc-server-spring-boot-starter/0.8.0/spring-grpc-server-spring-boot-starter-0.8.0.jar:/Users/vinicius/.m2/repository/io/grpc/grpc-servlet-jakarta/1.72.0/grpc-servlet-jakarta-1.72.0.jar:/Users/vinicius/.m2/repository/org/springframework/boot/spring-boot-devtools/3.5.3/spring-boot-devtools-3.5.3.jar:/Users/vinicius/.m2/repository/org/springframework/boot/spring-boot/3.5.3/spring-boot-3.5.3.jar:/Users/vinicius/.m2/repository/org/springframework/boot/spring-boot-autoconfigure/3.5.3/spring-boot-autoconfigure-3.5.3.jar:/Users/vinicius/.m2/repository/com/mysql/mysql-connector-j/9.2.0/mysql-connector-j-9.2.0.jar:/Users/vinicius/.m2/repository/org/projectlombok/lombok/1.18.38/lombok-1.18.38.jar:/Users/vinicius/.m2/repository/org/springframework/boot/spring-boot-starter-test/3.5.3/spring-boot-starter-test-3.5.3.jar:/Users/vinicius/.m2/repository/org/springframework/boot/spring-boot-test/3.5.3/spring-boot-test-3.5.3.jar:/Users/vinicius/.m2/repository/org/springframework/boot/spring-boot-test-autoconfigure/3.5.3/spring-boot-test-autoconfigure-3.5.3.jar:/Users/vinicius/.m2/repository/com/jayway/jsonpath/json-path/2.9.0/json-path-2.9.0.jar:/Users/vinicius/.m2/repository/jakarta/xml/bind/jakarta.xml.bind-api/4.0.2/jakarta.xml.bind-api-4.0.2.jar:/Users/vinicius/.m2/repository/jakarta/activation/jakarta.activation-api/2.1.3/jakarta.activation-api-2.1.3.jar:/Users/vinicius/.m2/repository/net/minidev/json-smart/2.5.2/json-smart-2.5.2.jar:/Users/vinicius/.m2/repository/net/minidev/accessors-smart/2.5.2/accessors-smart-2.5.2.jar:/Users/vinicius/.m2/repository/org/ow2/asm/asm/9.7.1/asm-9.7.1.jar:/Users/vinicius/.m2/repository/org/assertj/assertj-core/3.27.3/assertj-core-3.27.3.jar:/Users/vinicius/.m2/repository/org/awaitility/awaitility/4.2.2/awaitility-4.2.2.jar:/Users/vinicius/.m2/repository/org/hamcrest/hamcrest/3.0/hamcrest-3.0.jar:/Users/vinicius/.m2/repository/org/junit/jupiter/junit-jupiter/5.12.2/junit-jupiter-5.12.2.jar:/Users/vinicius/.m2/repository/org/junit/jupiter/junit-jupiter-api/5.12.2/junit-jupiter-api-5.12.2.jar:/Users/vinicius/.m2/repository/org/opentest4j/opentest4j/1.3.0/opentest4j-1.3.0.jar:/Users/vinicius/.m2/repository/org/junit/platform/junit-platform-commons/1.12.2/junit-platform-commons-1.12.2.jar:/Users/vinicius/.m2/repository/org/apiguardian/apiguardian-api/1.1.2/apiguardian-api-1.1.2.jar:/Users/vinicius/.m2/repository/org/junit/jupiter/junit-jupiter-params/5.12.2/junit-jupiter-params-5.12.2.jar:/Users/vinicius/.m2/repository/org/junit/jupiter/junit-jupiter-engine/5.12.2/junit-jupiter-engine-5.12.2.jar:/Users/vinicius/.m2/repository/org/junit/platform/junit-platform-engine/1.12.2/junit-platform-engine-1.12.2.jar:/Users/vinicius/.m2/repository/org/mockito/mockito-core/5.17.0/mockito-core-5.17.0.jar:/Users/vinicius/.m2/repository/net/bytebuddy/byte-buddy-agent/1.17.6/byte-buddy-agent-1.17.6.jar:/Users/vinicius/.m2/repository/org/objenesis/objenesis/3.3/objenesis-3.3.jar:/Users/vinicius/.m2/repository/org/mockito/mockito-junit-jupiter/5.17.0/mockito-junit-jupiter-5.17.0.jar:/Users/vinicius/.m2/repository/org/skyscreamer/jsonassert/1.5.3/jsonassert-1.5.3.jar:/Users/vinicius/.m2/repository/com/vaadin/external/google/android-json/0.0.20131108.vaadin1/android-json-0.0.20131108.vaadin1.jar:/Users/vinicius/.m2/repository/org/springframework/spring-core/6.2.8/spring-core-6.2.8.jar:/Users/vinicius/.m2/repository/org/springframework/spring-jcl/6.2.8/spring-jcl-6.2.8.jar:/Users/vinicius/.m2/repository/org/springframework/spring-test/6.2.8/spring-test-6.2.8.jar:/Users/vinicius/.m2/repository/org/xmlunit/xmlunit-core/2.10.2/xmlunit-core-2.10.2.jar:/Users/vinicius/.m2/repository/org/springframework/grpc/spring-grpc-test/0.8.0/spring-grpc-test-0.8.0.jar:/Users/vinicius/.m2/repository/org/springframework/grpc/spring-grpc-core/0.8.0/spring-grpc-core-0.8.0.jar:/Users/vinicius/.m2/repository/org/springframework/grpc/spring-grpc-spring-boot-autoconfigure/0.8.0/spring-grpc-spring-boot-autoconfigure-0.8.0.jar:/Users/vinicius/.m2/repository/io/grpc/grpc-testing/1.72.0/grpc-testing-1.72.0.jar:/Users/vinicius/.m2/repository/junit/junit/4.13.2/junit-4.13.2.jar:/Users/vinicius/.m2/repository/org/hamcrest/hamcrest-core/3.0/hamcrest-core-3.0.jar:/Users/vinicius/.m2/repository/io/grpc/grpc-inprocess/1.72.0/grpc-inprocess-1.72.0.jar:/Users/vinicius/.m2/repository/org/springframework/security/spring-security-test/6.5.1/spring-security-test-6.5.1.jar:/Users/vinicius/.m2/repository/org/springframework/security/spring-security-core/6.5.1/spring-security-core-6.5.1.jar:/Users/vinicius/.m2/repository/org/springframework/security/spring-security-crypto/6.5.1/spring-security-crypto-6.5.1.jar:"/>
    <property name="sun.cpu.endian" value="little"/>
    <property name="user.home" value="/Users/vinicius"/>
    <property name="user.language" value="en"/>
    <property name="java.specification.vendor" value="Oracle Corporation"/>
    <property name="java.version.date" value="2025-04-15"/>
    <property name="java.home" value="/opt/homebrew/Cellar/openjdk/24.0.1/libexec/openjdk.jdk/Contents/Home"/>
    <property name="file.separator" value="/"/>
    <property name="basedir" value="/Users/vinicius/Library/CloudStorage/OneDrive-Personal/Documents/Educação/NCI - HDSC/Project/CareLinkPlus"/>
    <property name="java.vm.compressedOopsMode" value="Zero based"/>
    <property name="line.separator" value="&#10;"/>
    <property name="java.vm.specification.vendor" value="Oracle Corporation"/>
    <property name="java.specification.name" value="Java Platform API Specification"/>
    <property name="FILE_LOG_CHARSET" value="UTF-8"/>
    <property name="java.awt.headless" value="true"/>
    <property name="apple.awt.application.name" value="ForkedBooter"/>
    <property name="surefire.real.class.path" value="/Users/vinicius/Library/CloudStorage/OneDrive-Personal/Documents/Educação/NCI - HDSC/Project/CareLinkPlus/target/surefire/surefirebooter-20250624161138891_3.jar"/>
    <property name="sun.management.compiler" value="HotSpot 64-Bit Tiered Compilers"/>
    <property name="java.runtime.version" value="24.0.1"/>
    <property name="user.name" value="vinicius"/>
    <property name="stdout.encoding" value="UTF-8"/>
    <property name="path.separator" value=":"/>
    <property name="os.version" value="15.5"/>
    <property name="java.runtime.name" value="OpenJDK Runtime Environment"/>
    <property name="file.encoding" value="UTF-8"/>
    <property name="java.vm.name" value="OpenJDK 64-Bit Server VM"/>
    <property name="java.vendor.version" value="Homebrew"/>
    <property name="localRepository" value="/Users/vinicius/.m2/repository"/>
    <property name="java.vendor.url.bug" value="https://github.com/Homebrew/homebrew-core/issues"/>
    <property name="java.io.tmpdir" value="/var/folders/p2/4357dd9531zgf5808h39d10r0000gn/T/"/>
    <property name="com.zaxxer.hikari.pool_number" value="1"/>
    <property name="java.version" value="24.0.1"/>
    <property name="user.dir" value="/Users/vinicius/Library/CloudStorage/OneDrive-Personal/Documents/Educação/NCI - HDSC/Project/CareLinkPlus"/>
    <property name="os.arch" value="aarch64"/>
    <property name="java.vm.specification.name" value="Java Virtual Machine Specification"/>
    <property name="PID" value="29697"/>
    <property name="CONSOLE_LOG_CHARSET" value="UTF-8"/>
    <property name="native.encoding" value="UTF-8"/>
    <property name="java.library.path" value="/Users/vinicius/Library/Java/Extensions:/Library/Java/Extensions:/Network/Library/Java/Extensions:/System/Library/Java/Extensions:/usr/lib/java:."/>
    <property name="java.vm.info" value="mixed mode, sharing"/>
    <property name="stderr.encoding" value="UTF-8"/>
    <property name="java.vendor" value="Homebrew"/>
    <property name="java.vm.version" value="24.0.1"/>
    <property name="sun.io.unicode.encoding" value="UnicodeBig"/>
    <property name="java.class.version" value="68.0"/>
  </properties>
  <testcase name="contextLoads" classname="com.carelink.CarelinkApplicationTests" time="0.255">
    <system-out><![CDATA[16:11:39.187 [main] INFO org.springframework.test.context.support.AnnotationConfigContextLoaderUtils -- Could not detect default configuration classes for test class [com.carelink.CarelinkApplicationTests]: CarelinkApplicationTests does not declare any static, non-private, non-final, nested classes annotated with @Configuration.
16:11:39.243 [main] INFO org.springframework.boot.test.context.SpringBootTestContextBootstrapper -- Found @SpringBootConfiguration com.carelink.CarelinkApplication for test class com.carelink.CarelinkApplicationTests
16:11:39.302 [main] INFO org.springframework.boot.devtools.restart.RestartApplicationListener -- Restart disabled due to context in which it is running

  .   ____          _            __ _ _
 /\\ / ___'_ __ _ _(_)_ __  __ _ \ \ \ \
( ( )\___ | '_ | '_| | '_ \/ _` | \ \ \ \
 \\/  ___)| |_)| | | | | || (_| |  ) ) ) )
  '  |____| .__|_| |_|_| |_\__, | / / / /
 =========|_|==============|___/=/_/_/_/

 :: Spring Boot ::                (v3.5.3)

2025-06-24T16:11:39.402+01:00  INFO 29697 --- [           main] com.carelink.CarelinkApplicationTests    : Starting CarelinkApplicationTests using Java 24.0.1 with PID 29697 (started by vinicius in /Users/vinicius/Library/CloudStorage/OneDrive-Personal/Documents/Educação/NCI - HDSC/Project/CareLinkPlus)
2025-06-24T16:11:39.403+01:00  INFO 29697 --- [           main] com.carelink.CarelinkApplicationTests    : No active profile set, falling back to 1 default profile: "default"
2025-06-24T16:11:39.773+01:00  INFO 29697 --- [           main] .s.d.r.c.RepositoryConfigurationDelegate : Bootstrapping Spring Data JPA repositories in DEFAULT mode.
2025-06-24T16:11:39.790+01:00  INFO 29697 --- [           main] .s.d.r.c.RepositoryConfigurationDelegate : Finished Spring Data repository scanning in 12 ms. Found 0 JPA repository interfaces.
2025-06-24T16:11:39.970+01:00  INFO 29697 --- [           main] o.hibernate.jpa.internal.util.LogHelper  : HHH000204: Processing PersistenceUnitInfo [name: default]
2025-06-24T16:11:39.992+01:00  INFO 29697 --- [           main] org.hibernate.Version                    : HHH000412: Hibernate ORM core version 6.6.18.Final
2025-06-24T16:11:40.010+01:00  INFO 29697 --- [           main] o.h.c.internal.RegionFactoryInitiator    : HHH000026: Second-level cache disabled
2025-06-24T16:11:40.120+01:00  INFO 29697 --- [           main] o.s.o.j.p.SpringPersistenceUnitInfo      : No LoadTimeWeaver setup: ignoring JPA class transformer
2025-06-24T16:11:40.132+01:00  INFO 29697 --- [           main] com.zaxxer.hikari.HikariDataSource       : HikariPool-1 - Starting...
2025-06-24T16:11:40.478+01:00  INFO 29697 --- [           main] com.zaxxer.hikari.pool.HikariPool        : HikariPool-1 - Added connection com.mysql.cj.jdbc.ConnectionImpl@7e1762e6
2025-06-24T16:11:40.479+01:00  INFO 29697 --- [           main] com.zaxxer.hikari.HikariDataSource       : HikariPool-1 - Start completed.
2025-06-24T16:11:40.547+01:00  WARN 29697 --- [           main] org.hibernate.orm.deprecation            : HHH90000025: MySQLDialect does not need to be specified explicitly using 'hibernate.dialect' (remove the property setting and it will be selected by default)
2025-06-24T16:11:40.555+01:00  INFO 29697 --- [           main] org.hibernate.orm.connections.pooling    : HHH10001005: Database info:
	Database JDBC URL [Connecting through datasource 'HikariDataSource (HikariPool-1)']
	Database driver: undefined/unknown
	Database version: 8.0.41
	Autocommit mode: undefined/unknown
	Isolation level: undefined/unknown
	Minimum pool size: undefined/unknown
	Maximum pool size: undefined/unknown
2025-06-24T16:11:40.683+01:00  INFO 29697 --- [           main] o.h.e.t.j.p.i.JtaPlatformInitiator       : HHH000489: No JTA platform available (set 'hibernate.transaction.jta.platform' to enable JTA platform integration)
2025-06-24T16:11:40.684+01:00  INFO 29697 --- [           main] j.LocalContainerEntityManagerFactoryBean : Initialized JPA EntityManagerFactory for persistence unit 'default'
2025-06-24T16:11:40.773+01:00  INFO 29697 --- [           main] toConfiguration$GrpcServletConfiguration : Registering gRPC service: grpc.reflection.v1.ServerReflection
2025-06-24T16:11:40.773+01:00  INFO 29697 --- [           main] toConfiguration$GrpcServletConfiguration : Registering gRPC service: grpc.health.v1.Health
2025-06-24T16:11:40.805+01:00  WARN 29697 --- [           main] JpaBaseConfiguration$JpaWebConfiguration : spring.jpa.open-in-view is enabled by default. Therefore, database queries may be performed during view rendering. Explicitly configure spring.jpa.open-in-view to disable this warning
2025-06-24T16:11:41.028+01:00  WARN 29697 --- [           main] .s.s.UserDetailsServiceAutoConfiguration : 

Using generated security password: 5daff12e-d4ed-44b7-80a0-e0022ff3851c

This generated password is for development use only. Your security configuration must be updated before running your application in production.

2025-06-24T16:11:41.030+01:00  INFO 29697 --- [           main] r$InitializeUserDetailsManagerConfigurer : Global AuthenticationManager configured with UserDetailsService bean with name inMemoryUserDetailsManager
2025-06-24T16:11:41.067+01:00  INFO 29697 --- [           main] o.s.b.a.e.web.EndpointLinksResolver      : Exposing 1 endpoint beneath base path '/actuator'
2025-06-24T16:11:41.147+01:00  INFO 29697 --- [           main] com.carelink.CarelinkApplicationTests    : Started CarelinkApplicationTests in 1.849 seconds (process running for 2.225)
]]></system-out>
    <system-err><![CDATA[Mockito is currently self-attaching to enable the inline-mock-maker. This will no longer work in future releases of the JDK. Please add Mockito as an agent to your build as described in Mockito's documentation: https://javadoc.io/doc/org.mockito/mockito-core/latest/org.mockito/org/mockito/Mockito.html#0.3
WARNING: A Java agent has been loaded dynamically (/Users/vinicius/.m2/repository/net/bytebuddy/byte-buddy-agent/1.17.6/byte-buddy-agent-1.17.6.jar)
WARNING: If a serviceability tool is in use, please run with -XX:+EnableDynamicAgentLoading to hide this warning
WARNING: If a serviceability tool is not in use, please run with -Djdk.instrument.traceUsage for more information
WARNING: Dynamic loading of agents will be disallowed by default in a future release
]]></system-err>
  </testcase>
</testsuite>